<?xml version="1.0" encoding="UTF-8"?>
<!-- Generated by org.testng.reporters.JUnitReportReporter -->
<testsuite hostname="STCOLAP026" failures="0" tests="1" name="JSONSchemaValidation.JSONSchemaValidation" time="2.250" errors="0" timestamp="2024-11-08T13:22:02 IST" skipped="0">
  <testcase classname="JSONSchemaValidation.JSONSchemaValidation" name="jsonSchemaValidation" time="2.250"/>
</testsuite> <!-- JSONSchemaValidation.JSONSchemaValidation -->
