<?xml version="1.0" encoding="UTF-8"?>
<!-- Generated by org.testng.reporters.JUnitReportReporter -->
<testsuite hostname="STCOLAP026" failures="0" tests="1" name="ParseJSONResponse.ResponseValidation" time="2.080" errors="0" timestamp="2024-11-07T17:19:34 IST" skipped="0">
  <testcase classname="ParseJSONResponse.ResponseValidation" name="responsebodyApproach3" time="2.080"/>
</testsuite> <!-- ParseJSONResponse.ResponseValidation -->
