<?xml version="1.0" encoding="UTF-8"?>
<!-- Generated by org.testng.reporters.JUnitReportReporter -->
<testsuite hostname="STCOLAP026" failures="0" tests="1" name="APIChaining.GetUser" time="0.771" errors="0" timestamp="2024-11-11T13:28:01 IST" skipped="0">
  <testcase classname="APIChaining.GetUser" name="getGOuser" time="0.771"/>
</testsuite> <!-- APIChaining.GetUser -->
