<?xml version="1.0" encoding="UTF-8"?>
<!-- Generated by org.testng.reporters.JUnitReportReporter -->
<testsuite hostname="STCOLAP026" failures="0" tests="1" name="ParametersHeadersCookiesLog.PathQueryParmeters" time="2.466" errors="0" timestamp="2024-10-25T14:04:00 IST" skipped="0">
  <testcase classname="ParametersHeadersCookiesLog.PathQueryParmeters" name="pathQueryParameters" time="2.466"/>
</testsuite> <!-- ParametersHeadersCookiesLog.PathQueryParmeters -->
