<?xml version="1.0" encoding="UTF-8"?>
<!-- Generated by org.testng.reporters.JUnitReportReporter -->
<testsuite hostname="STCOLAP026" failures="0" tests="4" name="HTTPBasicSetup.BasicHTTPSetup" time="5.543" errors="0" timestamp="2024-10-23T12:12:33 IST" skipped="0">
  <testcase classname="HTTPBasicSetup.BasicHTTPSetup" name="getuser" time="3.629"/>
  <testcase classname="HTTPBasicSetup.BasicHTTPSetup" name="createuser" time="0.822"/>
  <testcase classname="HTTPBasicSetup.BasicHTTPSetup" name="updateuser" time="0.510"/>
  <testcase classname="HTTPBasicSetup.BasicHTTPSetup" name="deleteuser" time="0.582"/>
</testsuite> <!-- HTTPBasicSetup.BasicHTTPSetup -->
