<?xml version="1.0" encoding="UTF-8"?>
<!-- Generated by org.testng.reporters.JUnitReportReporter -->
<testsuite hostname="STCOLAP026" failures="0" tests="1" name="RequestBody.PostRequestBodyPOJO" time="2.247" errors="0" timestamp="2024-11-07T13:06:24 IST" skipped="0">
  <testcase classname="RequestBody.PostRequestBodyPOJO" name="requestPOJO" time="2.247"/>
</testsuite> <!-- RequestBody.PostRequestBodyPOJO -->
