<?xml version="1.0" encoding="UTF-8"?>
<!-- Generated by org.testng.reporters.JUnitReportReporter -->
<testsuite hostname="STCOLAP026" failures="0" tests="4" name="APIChaining.APIChainingSIngle" time="3.517" errors="0" timestamp="2024-11-11T13:37:27 IST" skipped="0">
  <testcase classname="APIChaining.APIChainingSIngle" name="createGOuser" time="2.369"/>
  <testcase classname="APIChaining.APIChainingSIngle" name="getGOuser" time="0.298"/>
  <testcase classname="APIChaining.APIChainingSIngle" name="updateGOuser" time="0.369"/>
  <testcase classname="APIChaining.APIChainingSIngle" name="deleteGOuser" time="0.481"/>
</testsuite> <!-- APIChaining.APIChainingSIngle -->
