<?xml version="1.0" encoding="UTF-8"?>
<!-- Generated by org.testng.reporters.JUnitReportReporter -->
<testsuite hostname="STCOLAP026" failures="0" tests="1" name="ParametersHeadersCookiesLog.Cookies" time="2.827" errors="0" timestamp="2024-11-06T12:09:31 IST" skipped="0">
  <testcase classname="ParametersHeadersCookiesLog.Cookies" name="getCookiesInfo" time="2.827"/>
</testsuite> <!-- ParametersHeadersCookiesLog.Cookies -->
